Array
(
    [departmentID] => undefined
)
Array
(
    [departmentID] => 11
)
Array
(
    [departmentID] => undefined
)
Array
(
    [departmentID] => 1
)
Array
(
    [departmentID] => 10
)
Array
(
    [departmentID] => undefined
)
Array
(
    [departmentID] => undefined
)
Array
(
    [departmentID] => 11
)
Array
(
    [departmentID] => 1
)
Array
(
    [departmentID] => 1
)
Array
(
    [departmentID] => 11
)
Array
(
    [departmentID] => undefined
)
Array
(
    [departmentID] => 11
)
Array
(
    [departmentID] => undefined
)
Array
(
    [departmentID] => 11
)
Array
(
    [departmentID] => undefined
)
Array
(
    [departmentID] => 11
)
Array
(
    [departmentID] => 11employeeID=4
)
Array
(
    [departmentID] => 11employeeID=4
)
Array
(
    [departmentID] => 11employeeID=4
)
Array
(
    [departmentID] => undefined
)
Array
(
    [departmentID] => 11
)
Array
(
    [departmentID] => 11
)
Array
(
    [departmentID] => 11
)
Array
(
    [departmentID] => 11
)
Array
(
    [departmentID] => 11
)
Array
(
    [departmentID] => 11
)
Array
(
    [departmentID] => 11
)
Array
(
    [departmentID] => 11
)
Array
(
    [departmentID] => 11
)
Array
(
    [departmentID] => 11
)
Array
(
    [departmentID] => 11
)
Array
(
    [departmentID] => 11
)
Array
(
    [departmentID] => 11
)
Array
(
    [departmentID] => 11
)
Array
(
    [departmentID] => 11
)
Array
(
    [departmentID] => 11
)
Array
(
    [departmentID] => 11
)
Array
(
    [departmentID] => 11
)
Array
(
    [departmentID] => 11
)
Array
(
    [departmentID] => 11
)
Array
(
    [departmentID] => 11
)
Array
(
    [departmentID] => 11
)
Array
(
    [departmentID] => 11
)
Array
(
    [departmentID] => 4
)
Array
(
    [departmentID] => 4
)
Array
(
    [departmentID] => 1
)
Array
(
    [departmentID] => 1
)
Array
(
    [departmentID] => 11
)
Array
(
    [departmentID] => 11
)
